<?xml version="1.0" encoding="UTF-8"?>
<!-- Generated by org.testng.reporters.JUnitXMLReporter -->
<testsuite ignored="4" hostname="Erohsik" failures="0" tests="2" name="FirefoxTest" time="7.075" errors="0" timestamp="2025-05-05T17:24:35 IST">
  <testcase classname="inventorytest.Addproducttest" name="TC_01_Addproducttocarttest" time="0.702"/>
  <testcase classname="inventorytest.Purchase_a_product_test" name="TC_02_Purchaseaproduct" time="0.0">
    <skipped/>
  </testcase> <!-- TC_02_Purchaseaproduct -->
  <testcase classname="Generic_utility.Baseclass" name="@BeforeSuite brforedbsuite" time="0.0">
    <ignored/>
  </testcase> <!-- @BeforeSuite brforedbsuite -->
  <testcase classname="Generic_utility.Baseclass" name="@BeforeTest beforeclssuite" time="0.0">
    <ignored/>
  </testcase> <!-- @BeforeTest beforeclssuite -->
  <testcase classname="Generic_utility.Baseclass" name="@AfterSuite afterdbsuite" time="0.0">
    <ignored/>
  </testcase> <!-- @AfterSuite afterdbsuite -->
  <testcase classname="Generic_utility.Baseclass" name="@AfterTest afterclasssuite" time="0.0">
    <ignored/>
  </testcase> <!-- @AfterTest afterclasssuite -->
</testsuite> <!-- FirefoxTest -->
