<?xml version="1.0" encoding="UTF-8"?>
<testng-results ignored="0" total="4" passed="3" failed="1" skipped="0">
  <reporter-output>
  </reporter-output>
  <suite started-at="2025-05-08T17:50:41 IST" name="Suite" finished-at="2025-05-08T17:50:49 IST" duration-ms="7680">
    <groups>
    </groups>
    <test started-at="2025-05-08T17:50:41 IST" name="Test" finished-at="2025-05-08T17:50:49 IST" duration-ms="7680">
      <class name="inventorytest.Purchase_a_product_test">
        <test-method is-config="true" signature="beforeclssuite()[pri:0, instance:inventorytest.Purchase_a_product_test@302552ec]" started-at="2025-05-08T17:50:45 IST" name="beforeclssuite" finished-at="2025-05-08T17:50:46 IST" duration-ms="1434" status="PASS">
          <reporter-output>
          </reporter-output>
        </test-method> <!-- beforeclssuite -->
        <test-method is-config="true" signature="beforemethodsuite()[pri:0, instance:inventorytest.Purchase_a_product_test@302552ec]" started-at="2025-05-08T17:50:46 IST" name="beforemethodsuite" finished-at="2025-05-08T17:50:47 IST" duration-ms="317" status="PASS">
          <reporter-output>
          </reporter-output>
        </test-method> <!-- beforemethodsuite -->
        <test-method signature="TC_02_Purchaseaproduct()[pri:0, instance:inventorytest.Purchase_a_product_test@302552ec]" started-at="2025-05-08T17:50:47 IST" name="TC_02_Purchaseaproduct" finished-at="2025-05-08T17:50:47 IST" duration-ms="521" status="PASS">
          <reporter-output>
          </reporter-output>
        </test-method> <!-- TC_02_Purchaseaproduct -->
        <test-method is-config="true" signature="aftermethodsuite()[pri:0, instance:inventorytest.Purchase_a_product_test@302552ec]" started-at="2025-05-08T17:50:47 IST" name="aftermethodsuite" finished-at="2025-05-08T17:50:48 IST" duration-ms="650" status="PASS">
          <reporter-output>
          </reporter-output>
        </test-method> <!-- aftermethodsuite -->
        <test-method is-config="true" signature="afterclasssuite()[pri:0, instance:inventorytest.Purchase_a_product_test@302552ec]" started-at="2025-05-08T17:50:48 IST" name="afterclasssuite" finished-at="2025-05-08T17:50:49 IST" duration-ms="1271" status="PASS">
          <reporter-output>
          </reporter-output>
        </test-method> <!-- afterclasssuite -->
      </class> <!-- inventorytest.Purchase_a_product_test -->
      <class name="inventorytest.Addproducttest">
        <test-method is-config="true" signature="brforedbsuite()[pri:0, instance:inventorytest.Addproducttest@3bf7ca37]" started-at="2025-05-08T17:50:41 IST" name="brforedbsuite" finished-at="2025-05-08T17:50:41 IST" duration-ms="7" status="PASS">
          <reporter-output>
          </reporter-output>
        </test-method> <!-- brforedbsuite -->
        <test-method is-config="true" signature="beforeclssuite()[pri:0, instance:inventorytest.Addproducttest@3bf7ca37]" started-at="2025-05-08T17:50:42 IST" name="beforeclssuite" finished-at="2025-05-08T17:50:43 IST" duration-ms="1774" status="PASS">
          <reporter-output>
          </reporter-output>
        </test-method> <!-- beforeclssuite -->
        <test-method is-config="true" signature="beforemethodsuite()[pri:0, instance:inventorytest.Addproducttest@3bf7ca37]" started-at="2025-05-08T17:50:43 IST" name="beforemethodsuite" finished-at="2025-05-08T17:50:44 IST" duration-ms="333" status="PASS">
          <reporter-output>
          </reporter-output>
        </test-method> <!-- beforemethodsuite -->
        <test-method signature="TC_01_Addproducttocarttest()[pri:0, instance:inventorytest.Addproducttest@3bf7ca37]" started-at="2025-05-08T17:50:44 IST" name="TC_01_Addproducttocarttest" finished-at="2025-05-08T17:50:44 IST" duration-ms="94" status="FAIL">
          <exception class="org.openqa.selenium.NoSuchElementException">
            <message>
              <![CDATA[no such element: Unable to locate element: {"method":"css selector","selector":"#add\-to\-car"}
  (Session info: MicrosoftEdge=136.0.3240.50)
For documentation on this error, please visit: https://www.selenium.dev/documentation/webdriver/troubleshooting/errors#no-such-element-exception
Build info: version: '4.31.0', revision: '1ef9f18787*'
System info: os.name: 'Windows 11', os.arch: 'amd64', os.version: '10.0', java.version: '21.0.6'
Driver info: org.openqa.selenium.edge.EdgeDriver
Command: [37fbaeefecc98dc7f56a97efb0f93691, findElement {using=id, value=add-to-car}]
Capabilities {acceptInsecureCerts: false, browserName: MicrosoftEdge, browserVersion: 136.0.3240.50, fedcm:accounts: true, ms:edgeOptions: {debuggerAddress: localhost:53980}, msedge: {msedgedriverVersion: 136.0.3240.50 (4e2c41645f24..., userDataDir: C:\Users\Kishore\AppData\Lo...}, networkConnectionEnabled: false, pageLoadStrategy: normal, platformName: windows, proxy: Proxy(), se:cdp: ws://localhost:53980/devtoo..., se:cdpVersion: 136.0.3240.50, setWindowRect: true, strictFileInteractability: false, timeouts: {implicit: 0, pageLoad: 300000, script: 30000}, unhandledPromptBehavior: dismiss and notify, webauthn:extension:credBlob: true, webauthn:extension:largeBlob: true, webauthn:extension:minPinLength: true, webauthn:extension:prf: true, webauthn:virtualAuthenticators: true}
Session ID: 37fbaeefecc98dc7f56a97efb0f93691]]>
            </message>
            <full-stacktrace>
              <![CDATA[org.openqa.selenium.NoSuchElementException: no such element: Unable to locate element: {"method":"css selector","selector":"#add\-to\-car"}
  (Session info: MicrosoftEdge=136.0.3240.50)
For documentation on this error, please visit: https://www.selenium.dev/documentation/webdriver/troubleshooting/errors#no-such-element-exception
Build info: version: '4.31.0', revision: '1ef9f18787*'
System info: os.name: 'Windows 11', os.arch: 'amd64', os.version: '10.0', java.version: '21.0.6'
Driver info: org.openqa.selenium.edge.EdgeDriver
Command: [37fbaeefecc98dc7f56a97efb0f93691, findElement {using=id, value=add-to-car}]
Capabilities {acceptInsecureCerts: false, browserName: MicrosoftEdge, browserVersion: 136.0.3240.50, fedcm:accounts: true, ms:edgeOptions: {debuggerAddress: localhost:53980}, msedge: {msedgedriverVersion: 136.0.3240.50 (4e2c41645f24..., userDataDir: C:\Users\Kishore\AppData\Lo...}, networkConnectionEnabled: false, pageLoadStrategy: normal, platformName: windows, proxy: Proxy(), se:cdp: ws://localhost:53980/devtoo..., se:cdpVersion: 136.0.3240.50, setWindowRect: true, strictFileInteractability: false, timeouts: {implicit: 0, pageLoad: 300000, script: 30000}, unhandledPromptBehavior: dismiss and notify, webauthn:extension:credBlob: true, webauthn:extension:largeBlob: true, webauthn:extension:minPinLength: true, webauthn:extension:prf: true, webauthn:virtualAuthenticators: true}
Session ID: 37fbaeefecc98dc7f56a97efb0f93691
at java.base/jdk.internal.reflect.DirectConstructorHandleAccessor.newInstance(DirectConstructorHandleAccessor.java:62)
at java.base/java.lang.reflect.Constructor.newInstanceWithCaller(Constructor.java:502)
at java.base/java.lang.reflect.Constructor.newInstance(Constructor.java:486)
at org.openqa.selenium.remote.ErrorCodec.decode(ErrorCodec.java:167)
at org.openqa.selenium.remote.codec.w3c.W3CHttpResponseCodec.decode(W3CHttpResponseCodec.java:138)
at org.openqa.selenium.remote.codec.w3c.W3CHttpResponseCodec.decode(W3CHttpResponseCodec.java:50)
at org.openqa.selenium.remote.HttpCommandExecutor.execute(HttpCommandExecutor.java:215)
at org.openqa.selenium.remote.service.DriverCommandExecutor.invokeExecute(DriverCommandExecutor.java:216)
at org.openqa.selenium.remote.service.DriverCommandExecutor.execute(DriverCommandExecutor.java:174)
at org.openqa.selenium.remote.RemoteWebDriver.execute(RemoteWebDriver.java:545)
at org.openqa.selenium.remote.ElementLocation$ElementFinder$2.findElement(ElementLocation.java:165)
at org.openqa.selenium.remote.ElementLocation.findElement(ElementLocation.java:59)
at org.openqa.selenium.remote.RemoteWebDriver.findElement(RemoteWebDriver.java:368)
at org.openqa.selenium.remote.RemoteWebDriver.findElement(RemoteWebDriver.java:362)
at inventorytest.Addproducttest.TC_01_Addproducttocarttest(Addproducttest.java:22)
at java.base/jdk.internal.reflect.DirectMethodHandleAccessor.invoke(DirectMethodHandleAccessor.java:103)
at java.base/java.lang.reflect.Method.invoke(Method.java:580)
at org.testng.internal.invokers.MethodInvocationHelper.invokeMethod(MethodInvocationHelper.java:141)
at org.testng.internal.invokers.TestInvoker.invokeMethod(TestInvoker.java:687)
at org.testng.internal.invokers.TestInvoker.invokeTestMethod(TestInvoker.java:230)
at org.testng.internal.invokers.MethodRunner.runInSequence(MethodRunner.java:63)
at org.testng.internal.invokers.TestInvoker$MethodInvocationAgent.invoke(TestInvoker.java:995)
at org.testng.internal.invokers.TestInvoker.invokeTestMethods(TestInvoker.java:203)
at org.testng.internal.invokers.TestMethodWorker.invokeTestMethods(TestMethodWorker.java:154)
at org.testng.internal.invokers.TestMethodWorker.run(TestMethodWorker.java:134)
at java.base/java.util.ArrayList.forEach(ArrayList.java:1596)
at org.testng.TestRunner.privateRun(TestRunner.java:741)
at org.testng.TestRunner.run(TestRunner.java:616)
at org.testng.SuiteRunner.runTest(SuiteRunner.java:421)
at org.testng.SuiteRunner.runSequentially(SuiteRunner.java:413)
at org.testng.SuiteRunner.privateRun(SuiteRunner.java:373)
at org.testng.SuiteRunner.run(SuiteRunner.java:312)
at org.testng.SuiteRunnerWorker.runSuite(SuiteRunnerWorker.java:52)
at org.testng.SuiteRunnerWorker.run(SuiteRunnerWorker.java:95)
at org.testng.TestNG.runSuitesSequentially(TestNG.java:1274)
at org.testng.TestNG.runSuitesLocally(TestNG.java:1208)
at org.testng.TestNG.runSuites(TestNG.java:1112)
at org.testng.TestNG.run(TestNG.java:1079)
at org.testng.remote.AbstractRemoteTestNG.run(AbstractRemoteTestNG.java:115)
at org.testng.remote.RemoteTestNG.initAndRun(RemoteTestNG.java:293)
at org.testng.remote.RemoteTestNG.main(RemoteTestNG.java:91)
]]>
            </full-stacktrace>
          </exception> <!-- org.openqa.selenium.NoSuchElementException -->
          <reporter-output>
          </reporter-output>
        </test-method> <!-- TC_01_Addproducttocarttest -->
        <test-method is-config="true" signature="aftermethodsuite()[pri:0, instance:inventorytest.Addproducttest@3bf7ca37]" started-at="2025-05-08T17:50:44 IST" name="aftermethodsuite" finished-at="2025-05-08T17:50:45 IST" duration-ms="652" status="PASS">
          <reporter-output>
          </reporter-output>
        </test-method> <!-- aftermethodsuite -->
        <test-method is-config="true" signature="afterclasssuite()[pri:0, instance:inventorytest.Addproducttest@3bf7ca37]" started-at="2025-05-08T17:50:45 IST" name="afterclasssuite" finished-at="2025-05-08T17:50:45 IST" duration-ms="243" status="PASS">
          <reporter-output>
          </reporter-output>
        </test-method> <!-- afterclasssuite -->
        <test-method is-config="true" signature="afterdbsuite()[pri:0, instance:inventorytest.Addproducttest@3bf7ca37]" started-at="2025-05-08T17:50:49 IST" name="afterdbsuite" finished-at="2025-05-08T17:50:49 IST" duration-ms="0" status="PASS">
          <reporter-output>
          </reporter-output>
        </test-method> <!-- afterdbsuite -->
      </class> <!-- inventorytest.Addproducttest -->
      <class name="Practice_01.Assertion_practice">
        <test-method signature="hardassert()[pri:0, instance:Practice_01.Assertion_practice@26794848]" started-at="2025-05-08T17:50:45 IST" name="hardassert" finished-at="2025-05-08T17:50:45 IST" duration-ms="10" status="PASS">
          <reporter-output>
          </reporter-output>
        </test-method> <!-- hardassert -->
        <test-method signature="softassert()[pri:0, instance:Practice_01.Assertion_practice@26794848]" started-at="2025-05-08T17:50:45 IST" name="softassert" finished-at="2025-05-08T17:50:45 IST" duration-ms="4" status="PASS">
          <reporter-output>
          </reporter-output>
        </test-method> <!-- softassert -->
      </class> <!-- Practice_01.Assertion_practice -->
    </test> <!-- Test -->
  </suite> <!-- Suite -->
</testng-results>
